have_library: checking for BIO_read() in -lcrypto... -------------------- yes

"gcc -o conftest -I/home/pi/.rbenv/versions/2.5.1/include/ruby-2.5.0/armv7l-linux-eabihf -I/home/pi/.rbenv/versions/2.5.1/include/ruby-2.5.0/ruby/backward -I/home/pi/.rbenv/versions/2.5.1/include/ruby-2.5.0 -I. -I/home/pi/.rbenv/versions/2.5.1/include  -D_FILE_OFFSET_BITS=64  -O3 -ggdb3 -Wall -Wextra -Wno-unused-parameter -Wno-parentheses -Wno-long-long -Wno-missing-field-initializers -Wno-tautological-compare -Wno-parentheses-equality -Wno-constant-logical-operand -Wno-self-assign -Wunused-variable -Wimplicit-int -Wpointer-arith -Wwrite-strings -Wdeclaration-after-statement -Wimplicit-function-declaration -Wdeprecated-declarations -Wno-packed-bitfield-compat -Wsuggest-attribute=noreturn -Wsuggest-attribute=format  -fPIC conftest.c  -L. -L/home/pi/.rbenv/versions/2.5.1/lib -Wl,-rpath,/home/pi/.rbenv/versions/2.5.1/lib -L. -L/home/pi/.rbenv/versions/2.5.1/lib  -fstack-protector -rdynamic -Wl,-export-dynamic     -Wl,-rpath,/home/pi/.rbenv/versions/2.5.1/lib -L/home/pi/.rbenv/versions/2.5.1/lib -lruby  -lpthread -lgmp -ldl -lcrypt -lm   -lc"
checked program was:
/* begin */
1: #include "ruby.h"
2: 
3: int main(int argc, char **argv)
4: {
5:   return 0;
6: }
/* end */

"gcc -o conftest -I/home/pi/.rbenv/versions/2.5.1/include/ruby-2.5.0/armv7l-linux-eabihf -I/home/pi/.rbenv/versions/2.5.1/include/ruby-2.5.0/ruby/backward -I/home/pi/.rbenv/versions/2.5.1/include/ruby-2.5.0 -I. -I/home/pi/.rbenv/versions/2.5.1/include  -D_FILE_OFFSET_BITS=64  -O3 -ggdb3 -Wall -Wextra -Wno-unused-parameter -Wno-parentheses -Wno-long-long -Wno-missing-field-initializers -Wno-tautological-compare -Wno-parentheses-equality -Wno-constant-logical-operand -Wno-self-assign -Wunused-variable -Wimplicit-int -Wpointer-arith -Wwrite-strings -Wdeclaration-after-statement -Wimplicit-function-declaration -Wdeprecated-declarations -Wno-packed-bitfield-compat -Wsuggest-attribute=noreturn -Wsuggest-attribute=format  -fPIC conftest.c  -L. -L/home/pi/.rbenv/versions/2.5.1/lib -Wl,-rpath,/home/pi/.rbenv/versions/2.5.1/lib -L. -L/home/pi/.rbenv/versions/2.5.1/lib  -fstack-protector -rdynamic -Wl,-export-dynamic     -Wl,-rpath,/home/pi/.rbenv/versions/2.5.1/lib -L/home/pi/.rbenv/versions/2.5.1/lib -lruby -lcrypto  -lpthread -lgmp -ldl -lcrypt -lm   -lc"
conftest.c: In function ‘t’:
conftest.c:13:57: error: ‘BIO_read’ undeclared (first use in this function)
 int t(void) { void ((*volatile p)()); p = (void ((*)()))BIO_read; return !p; }
                                                         ^
conftest.c:13:57: note: each undeclared identifier is reported only once for each function it appears in
conftest.c: At top level:
cc1: warning: unrecognized command line option "-Wno-self-assign"
cc1: warning: unrecognized command line option "-Wno-constant-logical-operand"
cc1: warning: unrecognized command line option "-Wno-parentheses-equality"
cc1: warning: unrecognized command line option "-Wno-tautological-compare"
checked program was:
/* begin */
 1: #include "ruby.h"
 2: 
 3: /*top*/
 4: extern int t(void);
 5: int main(int argc, char **argv)
 6: {
 7:   if (argc > 1000000) {
 8:     printf("%p", &t);
 9:   }
10: 
11:   return 0;
12: }
13: int t(void) { void ((*volatile p)()); p = (void ((*)()))BIO_read; return !p; }
/* end */

"gcc -o conftest -I/home/pi/.rbenv/versions/2.5.1/include/ruby-2.5.0/armv7l-linux-eabihf -I/home/pi/.rbenv/versions/2.5.1/include/ruby-2.5.0/ruby/backward -I/home/pi/.rbenv/versions/2.5.1/include/ruby-2.5.0 -I. -I/home/pi/.rbenv/versions/2.5.1/include  -D_FILE_OFFSET_BITS=64  -O3 -ggdb3 -Wall -Wextra -Wno-unused-parameter -Wno-parentheses -Wno-long-long -Wno-missing-field-initializers -Wno-tautological-compare -Wno-parentheses-equality -Wno-constant-logical-operand -Wno-self-assign -Wunused-variable -Wimplicit-int -Wpointer-arith -Wwrite-strings -Wdeclaration-after-statement -Wimplicit-function-declaration -Wdeprecated-declarations -Wno-packed-bitfield-compat -Wsuggest-attribute=noreturn -Wsuggest-attribute=format  -fPIC conftest.c  -L. -L/home/pi/.rbenv/versions/2.5.1/lib -Wl,-rpath,/home/pi/.rbenv/versions/2.5.1/lib -L. -L/home/pi/.rbenv/versions/2.5.1/lib  -fstack-protector -rdynamic -Wl,-export-dynamic     -Wl,-rpath,/home/pi/.rbenv/versions/2.5.1/lib -L/home/pi/.rbenv/versions/2.5.1/lib -lruby -lcrypto  -lpthread -lgmp -ldl -lcrypt -lm   -lc"
checked program was:
/* begin */
 1: #include "ruby.h"
 2: 
 3: /*top*/
 4: extern int t(void);
 5: int main(int argc, char **argv)
 6: {
 7:   if (argc > 1000000) {
 8:     printf("%p", &t);
 9:   }
10: 
11:   return 0;
12: }
13: extern void BIO_read();
14: int t(void) { BIO_read(); return 0; }
/* end */

--------------------

have_library: checking for SSL_CTX_new() in -lssl... -------------------- yes

"gcc -o conftest -I/home/pi/.rbenv/versions/2.5.1/include/ruby-2.5.0/armv7l-linux-eabihf -I/home/pi/.rbenv/versions/2.5.1/include/ruby-2.5.0/ruby/backward -I/home/pi/.rbenv/versions/2.5.1/include/ruby-2.5.0 -I. -I/home/pi/.rbenv/versions/2.5.1/include  -D_FILE_OFFSET_BITS=64  -O3 -ggdb3 -Wall -Wextra -Wno-unused-parameter -Wno-parentheses -Wno-long-long -Wno-missing-field-initializers -Wno-tautological-compare -Wno-parentheses-equality -Wno-constant-logical-operand -Wno-self-assign -Wunused-variable -Wimplicit-int -Wpointer-arith -Wwrite-strings -Wdeclaration-after-statement -Wimplicit-function-declaration -Wdeprecated-declarations -Wno-packed-bitfield-compat -Wsuggest-attribute=noreturn -Wsuggest-attribute=format  -fPIC conftest.c  -L. -L/home/pi/.rbenv/versions/2.5.1/lib -Wl,-rpath,/home/pi/.rbenv/versions/2.5.1/lib -L. -L/home/pi/.rbenv/versions/2.5.1/lib  -fstack-protector -rdynamic -Wl,-export-dynamic    -lcrypto  -Wl,-rpath,/home/pi/.rbenv/versions/2.5.1/lib -L/home/pi/.rbenv/versions/2.5.1/lib -lruby -lssl -lcrypto  -lpthread -lgmp -ldl -lcrypt -lm   -lc"
conftest.c: In function ‘t’:
conftest.c:13:57: error: ‘SSL_CTX_new’ undeclared (first use in this function)
 int t(void) { void ((*volatile p)()); p = (void ((*)()))SSL_CTX_new; return !p; }
                                                         ^
conftest.c:13:57: note: each undeclared identifier is reported only once for each function it appears in
conftest.c: At top level:
cc1: warning: unrecognized command line option "-Wno-self-assign"
cc1: warning: unrecognized command line option "-Wno-constant-logical-operand"
cc1: warning: unrecognized command line option "-Wno-parentheses-equality"
cc1: warning: unrecognized command line option "-Wno-tautological-compare"
checked program was:
/* begin */
 1: #include "ruby.h"
 2: 
 3: /*top*/
 4: extern int t(void);
 5: int main(int argc, char **argv)
 6: {
 7:   if (argc > 1000000) {
 8:     printf("%p", &t);
 9:   }
10: 
11:   return 0;
12: }
13: int t(void) { void ((*volatile p)()); p = (void ((*)()))SSL_CTX_new; return !p; }
/* end */

"gcc -o conftest -I/home/pi/.rbenv/versions/2.5.1/include/ruby-2.5.0/armv7l-linux-eabihf -I/home/pi/.rbenv/versions/2.5.1/include/ruby-2.5.0/ruby/backward -I/home/pi/.rbenv/versions/2.5.1/include/ruby-2.5.0 -I. -I/home/pi/.rbenv/versions/2.5.1/include  -D_FILE_OFFSET_BITS=64  -O3 -ggdb3 -Wall -Wextra -Wno-unused-parameter -Wno-parentheses -Wno-long-long -Wno-missing-field-initializers -Wno-tautological-compare -Wno-parentheses-equality -Wno-constant-logical-operand -Wno-self-assign -Wunused-variable -Wimplicit-int -Wpointer-arith -Wwrite-strings -Wdeclaration-after-statement -Wimplicit-function-declaration -Wdeprecated-declarations -Wno-packed-bitfield-compat -Wsuggest-attribute=noreturn -Wsuggest-attribute=format  -fPIC conftest.c  -L. -L/home/pi/.rbenv/versions/2.5.1/lib -Wl,-rpath,/home/pi/.rbenv/versions/2.5.1/lib -L. -L/home/pi/.rbenv/versions/2.5.1/lib  -fstack-protector -rdynamic -Wl,-export-dynamic    -lcrypto  -Wl,-rpath,/home/pi/.rbenv/versions/2.5.1/lib -L/home/pi/.rbenv/versions/2.5.1/lib -lruby -lssl -lcrypto  -lpthread -lgmp -ldl -lcrypt -lm   -lc"
checked program was:
/* begin */
 1: #include "ruby.h"
 2: 
 3: /*top*/
 4: extern int t(void);
 5: int main(int argc, char **argv)
 6: {
 7:   if (argc > 1000000) {
 8:     printf("%p", &t);
 9:   }
10: 
11:   return 0;
12: }
13: extern void SSL_CTX_new();
14: int t(void) { SSL_CTX_new(); return 0; }
/* end */

--------------------

have_header: checking for openssl/bio.h... -------------------- yes

"gcc -E -I/home/pi/.rbenv/versions/2.5.1/include/ruby-2.5.0/armv7l-linux-eabihf -I/home/pi/.rbenv/versions/2.5.1/include/ruby-2.5.0/ruby/backward -I/home/pi/.rbenv/versions/2.5.1/include/ruby-2.5.0 -I. -I/home/pi/.rbenv/versions/2.5.1/include  -D_FILE_OFFSET_BITS=64  -O3 -ggdb3 -Wall -Wextra -Wno-unused-parameter -Wno-parentheses -Wno-long-long -Wno-missing-field-initializers -Wno-tautological-compare -Wno-parentheses-equality -Wno-constant-logical-operand -Wno-self-assign -Wunused-variable -Wimplicit-int -Wpointer-arith -Wwrite-strings -Wdeclaration-after-statement -Wimplicit-function-declaration -Wdeprecated-declarations -Wno-packed-bitfield-compat -Wsuggest-attribute=noreturn -Wsuggest-attribute=format  -fPIC  conftest.c -o conftest.i"
checked program was:
/* begin */
1: #include "ruby.h"
2: 
3: #include <openssl/bio.h>
/* end */

--------------------

have_func: checking for DTLS_method() in openssl/ssl.h... -------------------- no

"gcc -o conftest -I/home/pi/.rbenv/versions/2.5.1/include/ruby-2.5.0/armv7l-linux-eabihf -I/home/pi/.rbenv/versions/2.5.1/include/ruby-2.5.0/ruby/backward -I/home/pi/.rbenv/versions/2.5.1/include/ruby-2.5.0 -I. -I/home/pi/.rbenv/versions/2.5.1/include  -D_FILE_OFFSET_BITS=64  -O3 -ggdb3 -Wall -Wextra -Wno-unused-parameter -Wno-parentheses -Wno-long-long -Wno-missing-field-initializers -Wno-tautological-compare -Wno-parentheses-equality -Wno-constant-logical-operand -Wno-self-assign -Wunused-variable -Wimplicit-int -Wpointer-arith -Wwrite-strings -Wdeclaration-after-statement -Wimplicit-function-declaration -Wdeprecated-declarations -Wno-packed-bitfield-compat -Wsuggest-attribute=noreturn -Wsuggest-attribute=format  -fPIC conftest.c  -L. -L/home/pi/.rbenv/versions/2.5.1/lib -Wl,-rpath,/home/pi/.rbenv/versions/2.5.1/lib -L. -L/home/pi/.rbenv/versions/2.5.1/lib  -fstack-protector -rdynamic -Wl,-export-dynamic    -lssl -lcrypto  -Wl,-rpath,/home/pi/.rbenv/versions/2.5.1/lib -L/home/pi/.rbenv/versions/2.5.1/lib -lruby -lssl -lcrypto  -lpthread -lgmp -ldl -lcrypt -lm   -lc"
conftest.c: In function ‘t’:
conftest.c:15:57: error: ‘DTLS_method’ undeclared (first use in this function)
 int t(void) { void ((*volatile p)()); p = (void ((*)()))DTLS_method; return !p; }
                                                         ^
conftest.c:15:57: note: each undeclared identifier is reported only once for each function it appears in
conftest.c: At top level:
cc1: warning: unrecognized command line option "-Wno-self-assign"
cc1: warning: unrecognized command line option "-Wno-constant-logical-operand"
cc1: warning: unrecognized command line option "-Wno-parentheses-equality"
cc1: warning: unrecognized command line option "-Wno-tautological-compare"
checked program was:
/* begin */
 1: #include "ruby.h"
 2: 
 3: #include <openssl/ssl.h>
 4: 
 5: /*top*/
 6: extern int t(void);
 7: int main(int argc, char **argv)
 8: {
 9:   if (argc > 1000000) {
10:     printf("%p", &t);
11:   }
12: 
13:   return 0;
14: }
15: int t(void) { void ((*volatile p)()); p = (void ((*)()))DTLS_method; return !p; }
/* end */

"gcc -o conftest -I/home/pi/.rbenv/versions/2.5.1/include/ruby-2.5.0/armv7l-linux-eabihf -I/home/pi/.rbenv/versions/2.5.1/include/ruby-2.5.0/ruby/backward -I/home/pi/.rbenv/versions/2.5.1/include/ruby-2.5.0 -I. -I/home/pi/.rbenv/versions/2.5.1/include  -D_FILE_OFFSET_BITS=64  -O3 -ggdb3 -Wall -Wextra -Wno-unused-parameter -Wno-parentheses -Wno-long-long -Wno-missing-field-initializers -Wno-tautological-compare -Wno-parentheses-equality -Wno-constant-logical-operand -Wno-self-assign -Wunused-variable -Wimplicit-int -Wpointer-arith -Wwrite-strings -Wdeclaration-after-statement -Wimplicit-function-declaration -Wdeprecated-declarations -Wno-packed-bitfield-compat -Wsuggest-attribute=noreturn -Wsuggest-attribute=format  -fPIC conftest.c  -L. -L/home/pi/.rbenv/versions/2.5.1/lib -Wl,-rpath,/home/pi/.rbenv/versions/2.5.1/lib -L. -L/home/pi/.rbenv/versions/2.5.1/lib  -fstack-protector -rdynamic -Wl,-export-dynamic    -lssl -lcrypto  -Wl,-rpath,/home/pi/.rbenv/versions/2.5.1/lib -L/home/pi/.rbenv/versions/2.5.1/lib -lruby -lssl -lcrypto  -lpthread -lgmp -ldl -lcrypt -lm   -lc"
/tmp/ccXtxtfz.o: 関数 `t' 内:
/home/pi/railsApi/railsApi/vendor/bundle/ruby/2.5.0/gems/puma-4.3.6/ext/puma_http11/conftest.c:16: `DTLS_method' に対する定義されていない参照です
collect2: error: ld returned 1 exit status
checked program was:
/* begin */
 1: #include "ruby.h"
 2: 
 3: #include <openssl/ssl.h>
 4: 
 5: /*top*/
 6: extern int t(void);
 7: int main(int argc, char **argv)
 8: {
 9:   if (argc > 1000000) {
10:     printf("%p", &t);
11:   }
12: 
13:   return 0;
14: }
15: extern void DTLS_method();
16: int t(void) { DTLS_method(); return 0; }
/* end */

--------------------

have_func: checking for TLS_server_method() in openssl/ssl.h... -------------------- no

"gcc -o conftest -I/home/pi/.rbenv/versions/2.5.1/include/ruby-2.5.0/armv7l-linux-eabihf -I/home/pi/.rbenv/versions/2.5.1/include/ruby-2.5.0/ruby/backward -I/home/pi/.rbenv/versions/2.5.1/include/ruby-2.5.0 -I. -I/home/pi/.rbenv/versions/2.5.1/include  -D_FILE_OFFSET_BITS=64  -O3 -ggdb3 -Wall -Wextra -Wno-unused-parameter -Wno-parentheses -Wno-long-long -Wno-missing-field-initializers -Wno-tautological-compare -Wno-parentheses-equality -Wno-constant-logical-operand -Wno-self-assign -Wunused-variable -Wimplicit-int -Wpointer-arith -Wwrite-strings -Wdeclaration-after-statement -Wimplicit-function-declaration -Wdeprecated-declarations -Wno-packed-bitfield-compat -Wsuggest-attribute=noreturn -Wsuggest-attribute=format  -fPIC conftest.c  -L. -L/home/pi/.rbenv/versions/2.5.1/lib -Wl,-rpath,/home/pi/.rbenv/versions/2.5.1/lib -L. -L/home/pi/.rbenv/versions/2.5.1/lib  -fstack-protector -rdynamic -Wl,-export-dynamic    -lssl -lcrypto  -Wl,-rpath,/home/pi/.rbenv/versions/2.5.1/lib -L/home/pi/.rbenv/versions/2.5.1/lib -lruby -lssl -lcrypto  -lpthread -lgmp -ldl -lcrypt -lm   -lc"
conftest.c: In function ‘t’:
conftest.c:15:57: error: ‘TLS_server_method’ undeclared (first use in this function)
 int t(void) { void ((*volatile p)()); p = (void ((*)()))TLS_server_method; return !p; }
                                                         ^
conftest.c:15:57: note: each undeclared identifier is reported only once for each function it appears in
conftest.c: At top level:
cc1: warning: unrecognized command line option "-Wno-self-assign"
cc1: warning: unrecognized command line option "-Wno-constant-logical-operand"
cc1: warning: unrecognized command line option "-Wno-parentheses-equality"
cc1: warning: unrecognized command line option "-Wno-tautological-compare"
checked program was:
/* begin */
 1: #include "ruby.h"
 2: 
 3: #include <openssl/ssl.h>
 4: 
 5: /*top*/
 6: extern int t(void);
 7: int main(int argc, char **argv)
 8: {
 9:   if (argc > 1000000) {
10:     printf("%p", &t);
11:   }
12: 
13:   return 0;
14: }
15: int t(void) { void ((*volatile p)()); p = (void ((*)()))TLS_server_method; return !p; }
/* end */

"gcc -o conftest -I/home/pi/.rbenv/versions/2.5.1/include/ruby-2.5.0/armv7l-linux-eabihf -I/home/pi/.rbenv/versions/2.5.1/include/ruby-2.5.0/ruby/backward -I/home/pi/.rbenv/versions/2.5.1/include/ruby-2.5.0 -I. -I/home/pi/.rbenv/versions/2.5.1/include  -D_FILE_OFFSET_BITS=64  -O3 -ggdb3 -Wall -Wextra -Wno-unused-parameter -Wno-parentheses -Wno-long-long -Wno-missing-field-initializers -Wno-tautological-compare -Wno-parentheses-equality -Wno-constant-logical-operand -Wno-self-assign -Wunused-variable -Wimplicit-int -Wpointer-arith -Wwrite-strings -Wdeclaration-after-statement -Wimplicit-function-declaration -Wdeprecated-declarations -Wno-packed-bitfield-compat -Wsuggest-attribute=noreturn -Wsuggest-attribute=format  -fPIC conftest.c  -L. -L/home/pi/.rbenv/versions/2.5.1/lib -Wl,-rpath,/home/pi/.rbenv/versions/2.5.1/lib -L. -L/home/pi/.rbenv/versions/2.5.1/lib  -fstack-protector -rdynamic -Wl,-export-dynamic    -lssl -lcrypto  -Wl,-rpath,/home/pi/.rbenv/versions/2.5.1/lib -L/home/pi/.rbenv/versions/2.5.1/lib -lruby -lssl -lcrypto  -lpthread -lgmp -ldl -lcrypt -lm   -lc"
/tmp/ccrzhNuO.o: 関数 `t' 内:
/home/pi/railsApi/railsApi/vendor/bundle/ruby/2.5.0/gems/puma-4.3.6/ext/puma_http11/conftest.c:16: `TLS_server_method' に対する定義されていない参照です
collect2: error: ld returned 1 exit status
checked program was:
/* begin */
 1: #include "ruby.h"
 2: 
 3: #include <openssl/ssl.h>
 4: 
 5: /*top*/
 6: extern int t(void);
 7: int main(int argc, char **argv)
 8: {
 9:   if (argc > 1000000) {
10:     printf("%p", &t);
11:   }
12: 
13:   return 0;
14: }
15: extern void TLS_server_method();
16: int t(void) { TLS_server_method(); return 0; }
/* end */

--------------------

have_macro: checking for SSL_CTX_set_min_proto_version in openssl/ssl.h... -------------------- no

"gcc -I/home/pi/.rbenv/versions/2.5.1/include/ruby-2.5.0/armv7l-linux-eabihf -I/home/pi/.rbenv/versions/2.5.1/include/ruby-2.5.0/ruby/backward -I/home/pi/.rbenv/versions/2.5.1/include/ruby-2.5.0 -I. -I/home/pi/.rbenv/versions/2.5.1/include  -D_FILE_OFFSET_BITS=64  -O3 -ggdb3 -Wall -Wextra -Wno-unused-parameter -Wno-parentheses -Wno-long-long -Wno-missing-field-initializers -Wno-tautological-compare -Wno-parentheses-equality -Wno-constant-logical-operand -Wno-self-assign -Wunused-variable -Wimplicit-int -Wpointer-arith -Wwrite-strings -Wdeclaration-after-statement -Wimplicit-function-declaration -Wdeprecated-declarations -Wno-packed-bitfield-compat -Wsuggest-attribute=noreturn -Wsuggest-attribute=format  -fPIC   -c conftest.c"
conftest.c:6:3: error: #error 
 # error
   ^
conftest.c:7:1: error: expected identifier or ‘(’ before ‘|’ token
 |:/ === SSL_CTX_set_min_proto_version undefined === /:|
 ^
cc1: warning: unrecognized command line option "-Wno-self-assign"
cc1: warning: unrecognized command line option "-Wno-constant-logical-operand"
cc1: warning: unrecognized command line option "-Wno-parentheses-equality"
cc1: warning: unrecognized command line option "-Wno-tautological-compare"
checked program was:
/* begin */
1: #include "ruby.h"
2: 
3: #include <openssl/ssl.h>
4: /*top*/
5: #ifndef SSL_CTX_set_min_proto_version
6: # error
7: |:/ === SSL_CTX_set_min_proto_version undefined === /:|
8: #endif
/* end */

--------------------

